<?xml version="1.0" encoding="UTF-8"?>
<!-- Generated by org.testng.reporters.JUnitXMLReporter -->
<testsuite hostname="Sushmita" ignored="0" name="POC_Test1" tests="1" failures="1" timestamp="2021-06-29T20:56:05 IST" time="20.945" errors="0">
  <testcase name="shopAtNike" time="0.0" classname="com.tyss.actitime.scripts.Nike">
    <failure type="org.testng.TestNGException" message="
Method public void com.tyss.actitime.scripts.Nike.shopAtNike(java.lang.String,java.lang.String,java.lang.String,java.lang.String,java.lang.String,java.lang.String,java.lang.String,java.lang.String) throws java.lang.Exception requires a @DataProvider named : TestUsersDataProvider in class com.tyss.demo.dataproviders.NikeDataProvider">
      <![CDATA[org.testng.TestNGException: 
Method public void com.tyss.actitime.scripts.Nike.shopAtNike(java.lang.String,java.lang.String,java.lang.String,java.lang.String,java.lang.String,java.lang.String,java.lang.String,java.lang.String) throws java.lang.Exception requires a @DataProvider named : TestUsersDataProvider in class com.tyss.demo.dataproviders.NikeDataProvider
at java.util.ArrayList.forEach(Unknown Source)
... Removed 24 stack frames]]>
    </failure>
  </testcase> <!-- shopAtNike -->
</testsuite> <!-- POC_Test1 -->
