<?xml version="1.0" encoding="UTF-8"?>
<!-- Generated by org.testng.reporters.JUnitXMLReporter -->
<testsuite hostname="Sushmita" ignored="0" name="POC_Test1" tests="1" failures="1" timestamp="2021-06-19T13:29:13 IST" time="77.705" errors="0">
  <testcase name="createRequisition" time="0.0" classname="com.tyss.actitime.scripts.BlueStone">
    <failure type="org.testng.TestNGException" message="
Cannot inject @Test annotated Method [createRequisition] with [class java.lang.String, class java.lang.String, class java.lang.String].
For more information on native dependency injection please refer to https://testng.org/doc/documentation-main.html#native-dependency-injection">
      <![CDATA[org.testng.TestNGException: 
Cannot inject @Test annotated Method [createRequisition] with [class java.lang.String, class java.lang.String, class java.lang.String].
For more information on native dependency injection please refer to https://testng.org/doc/documentation-main.html#native-dependency-injection
at java.util.ArrayList.forEach(Unknown Source)
... Removed 26 stack frames]]>
    </failure>
  </testcase> <!-- createRequisition -->
</testsuite> <!-- POC_Test1 -->
